Building WavesAndEigenvalues.jl...
 for order 30...
n and k : 1 and 1
key: (0, 1)
fname: 0_1
n and k : 1 and 2
key: (0, 1)
fname: 0_1
n and k : 2 and 2
key: (0, 2)
fname: 0_2
n and k : 1 and 3
key: (0, 1)
fname: 0_1
n and k : 2 and 3
key: (0, 2)
fname: 0_2
n and k : 3 and 3
key: (0, 3)
fname: 0_3
n and k : 1 and 4
key: (0, 1)
fname: 0_1
n and k : 2 and 4
key: (0, 2)
fname: 0_2
n and k : 3 and 4
key: (0, 3)
fname: 0_3
n and k : 4 and 4
key: (0, 4)
fname: 0_4
n and k : 1 and 5
key: (0, 1)
fname: 0_1
n and k : 2 and 5
key: (0, 2)
fname: 0_2
n and k : 3 and 5
key: (0, 3)
fname: 0_3
n and k : 4 and 5
key: (0, 4)
fname: 0_4
n and k : 5 and 5
key: (0, 5)
fname: 0_5
n and k : 1 and 6
key: (0, 1)
fname: 0_1
n and k : 2 and 6
key: (0, 2)
fname: 0_2
n and k : 3 and 6
key: (0, 3)
fname: 0_3
n and k : 4 and 6
key: (0, 4)
fname: 0_4
n and k : 5 and 6
key: (0, 5)
fname: 0_5
n and k : 6 and 6
key: (0, 6)
fname: 0_6
n and k : 1 and 7
key: (0, 1)
fname: 0_1
n and k : 2 and 7
key: (0, 2)
fname: 0_2
n and k : 3 and 7
key: (0, 3)
fname: 0_3
n and k : 4 and 7
key: (0, 4)
fname: 0_4
n and k : 5 and 7
key: (0, 5)
fname: 0_5
n and k : 6 and 7
key: (0, 6)
fname: 0_6
n and k : 7 and 7
key: (0, 7)
fname: 0_7
n and k : 1 and 8
key: (0, 1)
fname: 0_1
n and k : 2 and 8
key: (0, 2)
fname: 0_2
n and k : 3 and 8
key: (0, 3)
fname: 0_3
n and k : 4 and 8
key: (0, 4)
fname: 0_4
n and k : 5 and 8
key: (0, 5)
fname: 0_5
n and k : 6 and 8
key: (0, 6)
fname: 0_6
n and k : 7 and 8
key: (0, 7)
fname: 0_7
n and k : 8 and 8
key: (0, 8)
fname: 0_8
n and k : 1 and 9
key: (0, 1)
fname: 0_1
n and k : 2 and 9
key: (0, 2)
fname: 0_2
n and k : 3 and 9
key: (0, 3)
fname: 0_3
n and k : 4 and 9
key: (0, 4)
fname: 0_4
n and k : 5 and 9
key: (0, 5)
fname: 0_5
n and k : 6 and 9
key: (0, 6)
fname: 0_6
n and k : 7 and 9
key: (0, 7)
fname: 0_7
n and k : 8 and 9
key: (0, 8)
fname: 0_8
n and k : 9 and 9
key: (0, 9)
fname: 0_9
n and k : 1 and 10
key: (0, 1)
fname: 0_1
n and k : 2 and 10
key: (0, 2)
fname: 0_2
n and k : 3 and 10
key: (0, 3)
fname: 0_3
n and k : 4 and 10
key: (0, 4)
fname: 0_4
n and k : 5 and 10
key: (0, 5)
fname: 0_5
n and k : 6 and 10
key: (0, 6)
fname: 0_6
n and k : 7 and 10
key: (0, 7)
fname: 0_7
n and k : 8 and 10
key: (0, 8)
fname: 0_8
n and k : 9 and 10
key: (0, 9)
fname: 0_9
n and k : 10 and 10
key: (0, 10)
fname: 0_10
n and k : 1 and 11
key: (0, 1)
fname: 0_1
n and k : 2 and 11
key: (0, 2)
fname: 0_2
n and k : 3 and 11
key: (0, 3)
fname: 0_3
n and k : 4 and 11
key: (0, 4)
fname: 0_4
n and k : 5 and 11
key: (0, 5)
fname: 0_5
n and k : 6 and 11
key: (0, 6)
fname: 0_6
n and k : 7 and 11
key: (0, 7)
fname: 0_7
n and k : 8 and 11
key: (0, 8)
fname: 0_8
n and k : 9 and 11
key: (0, 9)
fname: 0_9
n and k : 10 and 11
key: (0, 10)
fname: 0_10
n and k : 11 and 11
key: (0, 11)
fname: 0_11
n and k : 1 and 12
key: (0, 1)
fname: 0_1
n and k : 2 and 12
key: (0, 2)
fname: 0_2
n and k : 3 and 12
key: (0, 3)
fname: 0_3
n and k : 4 and 12
key: (0, 4)
fname: 0_4
n and k : 5 and 12
key: (0, 5)
fname: 0_5
n and k : 6 and 12
key: (0, 6)
fname: 0_6
n and k : 7 and 12
key: (0, 7)
fname: 0_7
n and k : 8 and 12
key: (0, 8)
fname: 0_8
n and k : 9 and 12
key: (0, 9)
fname: 0_9
n and k : 10 and 12
key: (0, 10)
fname: 0_10
n and k : 11 and 12
key: (0, 11)
fname: 0_11
n and k : 12 and 12
key: (0, 12)
fname: 0_12
n and k : 1 and 13
key: (0, 1)
fname: 0_1
n and k : 2 and 13
key: (0, 2)
fname: 0_2
n and k : 3 and 13
key: (0, 3)
fname: 0_3
n and k : 4 and 13
key: (0, 4)
fname: 0_4
n and k : 5 and 13
key: (0, 5)
fname: 0_5
n and k : 6 and 13
key: (0, 6)
fname: 0_6
n and k : 7 and 13
key: (0, 7)
fname: 0_7
n and k : 8 and 13
key: (0, 8)
fname: 0_8
n and k : 9 and 13
key: (0, 9)
fname: 0_9
n and k : 10 and 13
key: (0, 10)
fname: 0_10
n and k : 11 and 13
key: (0, 11)
fname: 0_11
n and k : 12 and 13
key: (0, 12)
fname: 0_12
n and k : 13 and 13
key: (0, 13)
fname: 0_13
n and k : 1 and 14
key: (0, 1)
fname: 0_1
n and k : 2 and 14
key: (0, 2)
fname: 0_2
n and k : 3 and 14
key: (0, 3)
fname: 0_3
n and k : 4 and 14
key: (0, 4)
fname: 0_4
n and k : 5 and 14
key: (0, 5)
fname: 0_5
n and k : 6 and 14
key: (0, 6)
fname: 0_6
n and k : 7 and 14
key: (0, 7)
fname: 0_7
n and k : 8 and 14
key: (0, 8)
fname: 0_8
n and k : 9 and 14
key: (0, 9)
fname: 0_9
n and k : 10 and 14
key: (0, 10)
fname: 0_10
n and k : 11 and 14
key: (0, 11)
fname: 0_11
n and k : 12 and 14
key: (0, 12)
fname: 0_12
n and k : 13 and 14
key: (0, 13)
fname: 0_13
n and k : 14 and 14
key: (0, 14)
fname: 0_14
n and k : 1 and 15
key: (0, 1)
fname: 0_1
n and k : 2 and 15
key: (0, 2)
fname: 0_2
n and k : 3 and 15
key: (0, 3)
fname: 0_3
n and k : 4 and 15
key: (0, 4)
fname: 0_4
n and k : 5 and 15
key: (0, 5)
fname: 0_5
n and k : 6 and 15
key: (0, 6)
fname: 0_6
n and k : 7 and 15
key: (0, 7)
fname: 0_7
n and k : 8 and 15
key: (0, 8)
fname: 0_8
n and k : 9 and 15
key: (0, 9)
fname: 0_9
n and k : 10 and 15
key: (0, 10)
fname: 0_10
n and k : 11 and 15
key: (0, 11)
fname: 0_11
n and k : 12 and 15
key: (0, 12)
fname: 0_12
n and k : 13 and 15
key: (0, 13)
fname: 0_13
n and k : 14 and 15
key: (0, 14)
fname: 0_14
n and k : 15 and 15
key: (0, 15)
fname: 0_15
n and k : 1 and 16
key: (0, 1)
fname: 0_1
n and k : 2 and 16
key: (0, 2)
fname: 0_2
n and k : 3 and 16
key: (0, 3)
fname: 0_3
n and k : 4 and 16
key: (0, 4)
fname: 0_4
n and k : 5 and 16
key: (0, 5)
fname: 0_5
n and k : 6 and 16
key: (0, 6)
fname: 0_6
n and k : 7 and 16
key: (0, 7)
fname: 0_7
n and k : 8 and 16
key: (0, 8)
fname: 0_8
n and k : 9 and 16
key: (0, 9)
fname: 0_9
n and k : 10 and 16
key: (0, 10)
fname: 0_10
n and k : 11 and 16
key: (0, 11)
fname: 0_11
n and k : 12 and 16
key: (0, 12)
fname: 0_12
n and k : 13 and 16
key: (0, 13)
fname: 0_13
n and k : 14 and 16
key: (0, 14)
fname: 0_14
n and k : 15 and 16
key: (0, 15)
fname: 0_15
n and k : 16 and 16
key: (0, 16)
fname: 0_16
n and k : 1 and 17
key: (0, 1)
fname: 0_1
n and k : 2 and 17
key: (0, 2)
fname: 0_2
n and k : 3 and 17
key: (0, 3)
fname: 0_3
n and k : 4 and 17
key: (0, 4)
fname: 0_4
n and k : 5 and 17
key: (0, 5)
fname: 0_5
n and k : 6 and 17
key: (0, 6)
fname: 0_6
n and k : 7 and 17
key: (0, 7)
fname: 0_7
n and k : 8 and 17
key: (0, 8)
fname: 0_8
n and k : 9 and 17
key: (0, 9)
fname: 0_9
n and k : 10 and 17
key: (0, 10)
fname: 0_10
n and k : 11 and 17
key: (0, 11)
fname: 0_11
n and k : 12 and 17
key: (0, 12)
fname: 0_12
n and k : 13 and 17
key: (0, 13)
fname: 0_13
n and k : 14 and 17
key: (0, 14)
fname: 0_14
n and k : 15 and 17
key: (0, 15)
fname: 0_15
n and k : 16 and 17
key: (0, 16)
fname: 0_16
n and k : 17 and 17
key: (0, 17)
fname: 0_17
n and k : 1 and 18
key: (0, 1)
fname: 0_1
n and k : 2 and 18
key: (0, 2)
fname: 0_2
n and k : 3 and 18
key: (0, 3)
fname: 0_3
n and k : 4 and 18
key: (0, 4)
fname: 0_4
n and k : 5 and 18
key: (0, 5)
fname: 0_5
n and k : 6 and 18
key: (0, 6)
fname: 0_6
n and k : 7 and 18
key: (0, 7)
fname: 0_7
n and k : 8 and 18
key: (0, 8)
fname: 0_8
n and k : 9 and 18
key: (0, 9)
fname: 0_9
n and k : 10 and 18
key: (0, 10)
fname: 0_10
n and k : 11 and 18
key: (0, 11)
fname: 0_11
n and k : 12 and 18
key: (0, 12)
fname: 0_12
n and k : 13 and 18
key: (0, 13)
fname: 0_13
n and k : 14 and 18
key: (0, 14)
fname: 0_14
n and k : 15 and 18
key: (0, 15)
fname: 0_15
n and k : 16 and 18
key: (0, 16)
fname: 0_16
n and k : 17 and 18
key: (0, 17)
fname: 0_17
n and k : 18 and 18
key: (0, 18)
fname: 0_18
n and k : 1 and 19
key: (0, 1)
fname: 0_1
n and k : 2 and 19
key: (0, 2)
fname: 0_2
n and k : 3 and 19
key: (0, 3)
fname: 0_3
n and k : 4 and 19
key: (0, 4)
fname: 0_4
n and k : 5 and 19
key: (0, 5)
fname: 0_5
n and k : 6 and 19
key: (0, 6)
fname: 0_6
n and k : 7 and 19
key: (0, 7)
fname: 0_7
n and k : 8 and 19
key: (0, 8)
fname: 0_8
n and k : 9 and 19
key: (0, 9)
fname: 0_9
n and k : 10 and 19
key: (0, 10)
fname: 0_10
n and k : 11 and 19
key: (0, 11)
fname: 0_11
n and k : 12 and 19
key: (0, 12)
fname: 0_12
n and k : 13 and 19
key: (0, 13)
fname: 0_13
n and k : 14 and 19
key: (0, 14)
fname: 0_14
n and k : 15 and 19
key: (0, 15)
fname: 0_15
n and k : 16 and 19
key: (0, 16)
fname: 0_16
n and k : 17 and 19
key: (0, 17)
fname: 0_17
n and k : 18 and 19
key: (0, 18)
fname: 0_18
n and k : 19 and 19
key: (0, 19)
fname: 0_19
n and k : 1 and 20
key: (0, 1)
fname: 0_1
n and k : 2 and 20
key: (0, 2)
fname: 0_2
n and k : 3 and 20
key: (0, 3)
fname: 0_3
n and k : 4 and 20
key: (0, 4)
fname: 0_4
n and k : 5 and 20
key: (0, 5)
fname: 0_5
n and k : 6 and 20
key: (0, 6)
fname: 0_6
n and k : 7 and 20
key: (0, 7)
fname: 0_7
n and k : 8 and 20
key: (0, 8)
fname: 0_8
n and k : 9 and 20
key: (0, 9)
fname: 0_9
n and k : 10 and 20
key: (0, 10)
fname: 0_10
n and k : 11 and 20
key: (0, 11)
fname: 0_11
n and k : 12 and 20
key: (0, 12)
fname: 0_12
n and k : 13 and 20
key: (0, 13)
fname: 0_13
n and k : 14 and 20
key: (0, 14)
fname: 0_14
n and k : 15 and 20
key: (0, 15)
fname: 0_15
n and k : 16 and 20
key: (0, 16)
fname: 0_16
n and k : 17 and 20
key: (0, 17)
fname: 0_17
n and k : 18 and 20
key: (0, 18)
fname: 0_18
n and k : 19 and 20
key: (0, 19)
fname: 0_19
n and k : 20 and 20
key: (0, 20)
fname: 0_20
n and k : 1 and 21
key: (0, 1)
fname: 0_1
n and k : 2 and 21
key: (0, 2)
fname: 0_2
n and k : 3 and 21
key: (0, 3)
fname: 0_3
n and k : 4 and 21
key: (0, 4)
fname: 0_4
n and k : 5 and 21
key: (0, 5)
fname: 0_5
n and k : 6 and 21
key: (0, 6)
fname: 0_6
n and k : 7 and 21
key: (0, 7)
fname: 0_7
n and k : 8 and 21
key: (0, 8)
fname: 0_8
n and k : 9 and 21
key: (0, 9)
fname: 0_9
n and k : 10 and 21
key: (0, 10)
fname: 0_10
n and k : 11 and 21
key: (0, 11)
fname: 0_11
n and k : 12 and 21
key: (0, 12)
fname: 0_12
n and k : 13 and 21
key: (0, 13)
fname: 0_13
n and k : 14 and 21
key: (0, 14)
fname: 0_14
n and k : 15 and 21
key: (0, 15)
fname: 0_15
n and k : 16 and 21
key: (0, 16)
fname: 0_16
n and k : 17 and 21
key: (0, 17)
fname: 0_17
n and k : 18 and 21
key: (0, 18)
fname: 0_18
n and k : 19 and 21
key: (0, 19)
fname: 0_19
n and k : 20 and 21
key: (0, 20)
fname: 0_20
n and k : 21 and 21
key: (0, 21)
fname: 0_21
n and k : 1 and 22
key: (0, 1)
fname: 0_1
n and k : 2 and 22
key: (0, 2)
fname: 0_2
n and k : 3 and 22
key: (0, 3)
fname: 0_3
n and k : 4 and 22
key: (0, 4)
fname: 0_4
n and k : 5 and 22
key: (0, 5)
fname: 0_5
n and k : 6 and 22
key: (0, 6)
fname: 0_6
n and k : 7 and 22
key: (0, 7)
fname: 0_7
n and k : 8 and 22
key: (0, 8)
fname: 0_8
n and k : 9 and 22
key: (0, 9)
fname: 0_9
n and k : 10 and 22
key: (0, 10)
fname: 0_10
n and k : 11 and 22
key: (0, 11)
fname: 0_11
n and k : 12 and 22
key: (0, 12)
fname: 0_12
n and k : 13 and 22
key: (0, 13)
fname: 0_13
n and k : 14 and 22
key: (0, 14)
fname: 0_14
n and k : 15 and 22
key: (0, 15)
fname: 0_15
n and k : 16 and 22
key: (0, 16)
fname: 0_16
n and k : 17 and 22
key: (0, 17)
fname: 0_17
n and k : 18 and 22
key: (0, 18)
fname: 0_18
n and k : 19 and 22
key: (0, 19)
fname: 0_19
n and k : 20 and 22
key: (0, 20)
fname: 0_20
n and k : 21 and 22
key: (0, 21)
fname: 0_21
n and k : 22 and 22
key: (0, 22)
fname: 0_22
n and k : 1 and 23
key: (0, 1)
fname: 0_1
n and k : 2 and 23
key: (0, 2)
fname: 0_2
n and k : 3 and 23
key: (0, 3)
fname: 0_3
n and k : 4 and 23
key: (0, 4)
fname: 0_4
n and k : 5 and 23
key: (0, 5)
fname: 0_5
n and k : 6 and 23
key: (0, 6)
fname: 0_6
n and k : 7 and 23
key: (0, 7)
fname: 0_7
n and k : 8 and 23
key: (0, 8)
fname: 0_8
n and k : 9 and 23
key: (0, 9)
fname: 0_9
n and k : 10 and 23
key: (0, 10)
fname: 0_10
n and k : 11 and 23
key: (0, 11)
fname: 0_11
n and k : 12 and 23
key: (0, 12)
fname: 0_12
n and k : 13 and 23
key: (0, 13)
fname: 0_13
n and k : 14 and 23
key: (0, 14)
fname: 0_14
n and k : 15 and 23
key: (0, 15)
fname: 0_15
n and k : 16 and 23
key: (0, 16)
fname: 0_16
n and k : 17 and 23
key: (0, 17)
fname: 0_17
n and k : 18 and 23
key: (0, 18)
fname: 0_18
n and k : 19 and 23
key: (0, 19)
fname: 0_19
n and k : 20 and 23
key: (0, 20)
fname: 0_20
n and k : 21 and 23
key: (0, 21)
fname: 0_21
n and k : 22 and 23
key: (0, 22)
fname: 0_22
n and k : 23 and 23
key: (0, 23)
fname: 0_23
n and k : 1 and 24
key: (0, 1)
fname: 0_1
n and k : 2 and 24
key: (0, 2)
fname: 0_2
n and k : 3 and 24
key: (0, 3)
fname: 0_3
n and k : 4 and 24
key: (0, 4)
fname: 0_4
n and k : 5 and 24
key: (0, 5)
fname: 0_5
n and k : 6 and 24
key: (0, 6)
fname: 0_6
n and k : 7 and 24
key: (0, 7)
fname: 0_7
n and k : 8 and 24
key: (0, 8)
fname: 0_8
n and k : 9 and 24
key: (0, 9)
fname: 0_9
n and k : 10 and 24
key: (0, 10)
fname: 0_10
n and k : 11 and 24
key: (0, 11)
fname: 0_11
n and k : 12 and 24
key: (0, 12)
fname: 0_12
n and k : 13 and 24
key: (0, 13)
fname: 0_13
n and k : 14 and 24
key: (0, 14)
fname: 0_14
n and k : 15 and 24
key: (0, 15)
fname: 0_15
n and k : 16 and 24
key: (0, 16)
fname: 0_16
n and k : 17 and 24
key: (0, 17)
fname: 0_17
n and k : 18 and 24
key: (0, 18)
fname: 0_18
n and k : 19 and 24
key: (0, 19)
fname: 0_19
n and k : 20 and 24
key: (0, 20)
fname: 0_20
n and k : 21 and 24
key: (0, 21)
fname: 0_21
n and k : 22 and 24
key: (0, 22)
fname: 0_22
n and k : 23 and 24
key: (0, 23)
fname: 0_23
n and k : 24 and 24
key: (0, 24)
fname: 0_24
n and k : 1 and 25
key: (0, 1)
fname: 0_1
n and k : 2 and 25
key: (0, 2)
fname: 0_2
n and k : 3 and 25
key: (0, 3)
fname: 0_3
n and k : 4 and 25
key: (0, 4)
fname: 0_4
n and k : 5 and 25
key: (0, 5)
fname: 0_5
n and k : 6 and 25
key: (0, 6)
fname: 0_6
n and k : 7 and 25
key: (0, 7)
fname: 0_7
n and k : 8 and 25
key: (0, 8)
fname: 0_8
n and k : 9 and 25
key: (0, 9)
fname: 0_9
n and k : 10 and 25
key: (0, 10)
fname: 0_10
n and k : 11 and 25
key: (0, 11)
fname: 0_11
n and k : 12 and 25
key: (0, 12)
fname: 0_12
n and k : 13 and 25
key: (0, 13)
fname: 0_13
n and k : 14 and 25
key: (0, 14)
fname: 0_14
n and k : 15 and 25
key: (0, 15)
fname: 0_15
n and k : 16 and 25
key: (0, 16)
fname: 0_16
n and k : 17 and 25
key: (0, 17)
fname: 0_17
n and k : 18 and 25
key: (0, 18)
fname: 0_18
n and k : 19 and 25
key: (0, 19)
fname: 0_19
n and k : 20 and 25
key: (0, 20)
fname: 0_20
n and k : 21 and 25
key: (0, 21)
fname: 0_21
n and k : 22 and 25
key: (0, 22)
fname: 0_22
n and k : 23 and 25
key: (0, 23)
fname: 0_23
n and k : 24 and 25
key: (0, 24)
fname: 0_24
n and k : 25 and 25
key: (0, 25)
fname: 0_25
n and k : 1 and 26
key: (0, 1)
fname: 0_1
n and k : 2 and 26
key: (0, 2)
fname: 0_2
n and k : 3 and 26
key: (0, 3)
fname: 0_3
n and k : 4 and 26
key: (0, 4)
fname: 0_4
n and k : 5 and 26
key: (0, 5)
fname: 0_5
n and k : 6 and 26
key: (0, 6)
fname: 0_6
n and k : 7 and 26
key: (0, 7)
fname: 0_7
n and k : 8 and 26
key: (0, 8)
fname: 0_8
n and k : 9 and 26
key: (0, 9)
fname: 0_9
n and k : 10 and 26
key: (0, 10)
fname: 0_10
n and k : 11 and 26
key: (0, 11)
fname: 0_11
n and k : 12 and 26
key: (0, 12)
fname: 0_12
n and k : 13 and 26
key: (0, 13)
fname: 0_13
n and k : 14 and 26
key: (0, 14)
fname: 0_14
n and k : 15 and 26
key: (0, 15)
fname: 0_15
n and k : 16 and 26
key: (0, 16)
fname: 0_16
n and k : 17 and 26
key: (0, 17)
fname: 0_17
n and k : 18 and 26
key: (0, 18)
fname: 0_18
n and k : 19 and 26
key: (0, 19)
fname: 0_19
n and k : 20 and 26
key: (0, 20)
fname: 0_20
n and k : 21 and 26
key: (0, 21)
fname: 0_21
n and k : 22 and 26
key: (0, 22)
fname: 0_22
n and k : 23 and 26
key: (0, 23)
fname: 0_23
n and k : 24 and 26
key: (0, 24)
fname: 0_24
n and k : 25 and 26
key: (0, 25)
fname: 0_25
n and k : 26 and 26
key: (0, 26)
fname: 0_26
n and k : 1 and 27
key: (0, 1)
fname: 0_1
n and k : 2 and 27
key: (0, 2)
fname: 0_2
n and k : 3 and 27
key: (0, 3)
fname: 0_3
n and k : 4 and 27
key: (0, 4)
fname: 0_4
n and k : 5 and 27
key: (0, 5)
fname: 0_5
n and k : 6 and 27
key: (0, 6)
fname: 0_6
n and k : 7 and 27
key: (0, 7)
fname: 0_7
n and k : 8 and 27
key: (0, 8)
fname: 0_8
n and k : 9 and 27
key: (0, 9)
fname: 0_9
n and k : 10 and 27
key: (0, 10)
fname: 0_10
n and k : 11 and 27
key: (0, 11)
fname: 0_11
n and k : 12 and 27
key: (0, 12)
fname: 0_12
n and k : 13 and 27
key: (0, 13)
fname: 0_13
n and k : 14 and 27
key: (0, 14)
fname: 0_14
n and k : 15 and 27
key: (0, 15)
fname: 0_15
n and k : 16 and 27
key: (0, 16)
fname: 0_16
n and k : 17 and 27
key: (0, 17)
fname: 0_17
n and k : 18 and 27
key: (0, 18)
fname: 0_18
n and k : 19 and 27
key: (0, 19)
fname: 0_19
n and k : 20 and 27
key: (0, 20)
fname: 0_20
n and k : 21 and 27
key: (0, 21)
fname: 0_21
n and k : 22 and 27
key: (0, 22)
fname: 0_22
n and k : 23 and 27
key: (0, 23)
fname: 0_23
n and k : 24 and 27
key: (0, 24)
fname: 0_24
n and k : 25 and 27
key: (0, 25)
fname: 0_25
n and k : 26 and 27
key: (0, 26)
fname: 0_26
n and k : 27 and 27
key: (0, 27)
fname: 0_27
n and k : 1 and 28
key: (0, 1)
fname: 0_1
n and k : 2 and 28
key: (0, 2)
fname: 0_2
n and k : 3 and 28
key: (0, 3)
fname: 0_3
n and k : 4 and 28
key: (0, 4)
fname: 0_4
n and k : 5 and 28
key: (0, 5)
fname: 0_5
n and k : 6 and 28
key: (0, 6)
fname: 0_6
n and k : 7 and 28
key: (0, 7)
fname: 0_7
n and k : 8 and 28
key: (0, 8)
fname: 0_8
n and k : 9 and 28
key: (0, 9)
fname: 0_9
n and k : 10 and 28
key: (0, 10)
fname: 0_10
n and k : 11 and 28
key: (0, 11)
fname: 0_11
n and k : 12 and 28
key: (0, 12)
fname: 0_12
n and k : 13 and 28
key: (0, 13)
fname: 0_13
n and k : 14 and 28
key: (0, 14)
fname: 0_14
n and k : 15 and 28
key: (0, 15)
fname: 0_15
n and k : 16 and 28
key: (0, 16)
fname: 0_16
n and k : 17 and 28
key: (0, 17)
fname: 0_17
n and k : 18 and 28
key: (0, 18)
fname: 0_18
n and k : 19 and 28
key: (0, 19)
fname: 0_19
n and k : 20 and 28
key: (0, 20)
fname: 0_20
n and k : 21 and 28
key: (0, 21)
fname: 0_21
n and k : 22 and 28
key: (0, 22)
fname: 0_22
n and k : 23 and 28
key: (0, 23)
fname: 0_23
n and k : 24 and 28
key: (0, 24)
fname: 0_24
n and k : 25 and 28
key: (0, 25)
fname: 0_25
n and k : 26 and 28
key: (0, 26)
fname: 0_26
n and k : 27 and 28
key: (0, 27)
fname: 0_27
n and k : 28 and 28
key: (0, 28)
fname: 0_28
n and k : 1 and 29
key: (0, 1)
fname: 0_1
n and k : 2 and 29
key: (0, 2)
fname: 0_2
n and k : 3 and 29
key: (0, 3)
fname: 0_3
n and k : 4 and 29
key: (0, 4)
fname: 0_4
n and k : 5 and 29
key: (0, 5)
fname: 0_5
n and k : 6 and 29
key: (0, 6)
fname: 0_6
n and k : 7 and 29
key: (0, 7)
fname: 0_7
n and k : 8 and 29
key: (0, 8)
fname: 0_8
n and k : 9 and 29
key: (0, 9)
fname: 0_9
n and k : 10 and 29
key: (0, 10)
fname: 0_10
n and k : 11 and 29
key: (0, 11)
fname: 0_11
n and k : 12 and 29
key: (0, 12)
fname: 0_12
n and k : 13 and 29
key: (0, 13)
fname: 0_13
n and k : 14 and 29
key: (0, 14)
fname: 0_14
n and k : 15 and 29
key: (0, 15)
fname: 0_15
n and k : 16 and 29
key: (0, 16)
fname: 0_16
n and k : 17 and 29
key: (0, 17)
fname: 0_17
n and k : 18 and 29
key: (0, 18)
fname: 0_18
n and k : 19 and 29
key: (0, 19)
fname: 0_19
n and k : 20 and 29
key: (0, 20)
fname: 0_20
n and k : 21 and 29
key: (0, 21)
fname: 0_21
n and k : 22 and 29
key: (0, 22)
fname: 0_22
n and k : 23 and 29
key: (0, 23)
fname: 0_23
n and k : 24 and 29
key: (0, 24)
fname: 0_24
n and k : 25 and 29
key: (0, 25)
fname: 0_25
n and k : 26 and 29
key: (0, 26)
fname: 0_26
n and k : 27 and 29
key: (0, 27)
fname: 0_27
n and k : 28 and 29
key: (0, 28)
fname: 0_28
n and k : 29 and 29
key: (0, 29)
fname: 0_29
n and k : 1 and 30
key: (0, 1)
fname: 0_1
n and k : 2 and 30
key: (0, 2)
fname: 0_2
n and k : 3 and 30
key: (0, 3)
fname: 0_3
n and k : 4 and 30
key: (0, 4)
fname: 0_4
n and k : 5 and 30
key: (0, 5)
fname: 0_5
n and k : 6 and 30
key: (0, 6)
fname: 0_6
n and k : 7 and 30
key: (0, 7)
fname: 0_7
n and k : 8 and 30
key: (0, 8)
fname: 0_8
n and k : 9 and 30
key: (0, 9)
fname: 0_9
n and k : 10 and 30
key: (0, 10)
fname: 0_10
n and k : 11 and 30
key: (0, 11)
fname: 0_11
n and k : 12 and 30
key: (0, 12)
fname: 0_12
n and k : 13 and 30
key: (0, 13)
fname: 0_13
n and k : 14 and 30
key: (0, 14)
fname: 0_14
n and k : 15 and 30
key: (0, 15)
fname: 0_15
n and k : 16 and 30
key: (0, 16)
fname: 0_16
n and k : 17 and 30
key: (0, 17)
fname: 0_17
n and k : 18 and 30
key: (0, 18)
fname: 0_18
n and k : 19 and 30
key: (0, 19)
fname: 0_19
n and k : 20 and 30
key: (0, 20)
fname: 0_20
n and k : 21 and 30
key: (0, 21)
fname: 0_21
n and k : 22 and 30
key: (0, 22)
fname: 0_22
n and k : 23 and 30
key: (0, 23)
fname: 0_23
n and k : 24 and 30
key: (0, 24)
fname: 0_24
n and k : 25 and 30
key: (0, 25)
fname: 0_25
n and k : 26 and 30
key: (0, 26)
fname: 0_26
n and k : 27 and 30
key: (0, 27)
fname: 0_27
n and k : 28 and 30
key: (0, 28)
fname: 0_28
n and k : 29 and 30
key: (0, 29)
fname: 0_29
n and k : 30 and 30
key: (0, 30)
fname: 0_30
Done!
